<?xml version="1.0" encoding="UTF-8"?>
<testsuite name="hello.TestGreeter" tests="2" skipped="0" failures="0" errors="0" timestamp="2020-10-06T10:13:15" hostname="IOANA-LENOVOT14" time="0.01">
  <properties/>
  <testcase name="Test for Name='World'" classname="hello.TestGreeter" time="0.009"/>
  <testcase name="Test for Empty Name" classname="hello.TestGreeter" time="0.001"/>
  <system-out><![CDATA[]]></system-out>
  <system-err><![CDATA[]]></system-err>
</testsuite>
